{"/Users/msvalandro/www/msvalandro/com/gostack/gobarber/mobile/src/components/Button/index.tsx": {"path":"/Users/msvalandro/www/msvalandro/com/gostack/gobarber/mobile/src/components/Button/index.tsx","statementMap":{"0":{"start":{"line":10,"column":38},"end":{"line":14,"column":1}},"1":{"start":{"line":11,"column":2},"end":{"line":13,"column":14}}},"fnMap":{"0":{"name":"(anonymous_0)","decl":{"start":{"line":10,"column":38},"end":{"line":10,"column":39}},"loc":{"start":{"line":11,"column":2},"end":{"line":13,"column":14}},"line":11}},"branchMap":{},"s":{"0":1,"1":1},"f":{"0":1},"b":{},"_coverageSchema":"43e27e138ebf9cfc5966b082cf9a028302ed4184","hash":"146c903e93cd9712754d23aae6b172e07eddbd13"}
,"/Users/msvalandro/www/msvalandro/com/gostack/gobarber/mobile/src/components/Input/index.tsx": {"path":"/Users/msvalandro/www/msvalandro/com/gostack/gobarber/mobile/src/components/Input/index.tsx","statementMap":{"0":{"start":{"line":28,"column":66},"end":{"line":93,"column":1}},"1":{"start":{"line":32,"column":26},"end":{"line":32,"column":43}},"2":{"start":{"line":34,"column":65},"end":{"line":34,"column":79}},"3":{"start":{"line":35,"column":24},"end":{"line":35,"column":76}},"4":{"start":{"line":37,"column":36},"end":{"line":37,"column":51}},"5":{"start":{"line":38,"column":34},"end":{"line":38,"column":49}},"6":{"start":{"line":40,"column":27},"end":{"line":42,"column":8}},"7":{"start":{"line":41,"column":4},"end":{"line":41,"column":23}},"8":{"start":{"line":44,"column":26},"end":{"line":47,"column":8}},"9":{"start":{"line":45,"column":4},"end":{"line":45,"column":24}},"10":{"start":{"line":46,"column":4},"end":{"line":46,"column":47}},"11":{"start":{"line":49,"column":2},"end":{"line":53,"column":6}},"12":{"start":{"line":49,"column":34},"end":{"line":53,"column":3}},"13":{"start":{"line":51,"column":6},"end":{"line":51,"column":38}},"14":{"start":{"line":55,"column":2},"end":{"line":69,"column":33}},"15":{"start":{"line":56,"column":4},"end":{"line":68,"column":7}},"16":{"start":{"line":61,"column":8},"end":{"line":61,"column":44}},"17":{"start":{"line":62,"column":8},"end":{"line":62,"column":64}},"18":{"start":{"line":65,"column":8},"end":{"line":65,"column":41}},"19":{"start":{"line":66,"column":8},"end":{"line":66,"column":40}},"20":{"start":{"line":71,"column":2},"end":{"line":92,"column":4}},"21":{"start":{"line":87,"column":10},"end":{"line":87,"column":46}}},"fnMap":{"0":{"name":"(anonymous_0)","decl":{"start":{"line":28,"column":66},"end":{"line":28,"column":67}},"loc":{"start":{"line":31,"column":5},"end":{"line":93,"column":1}},"line":31},"1":{"name":"(anonymous_1)","decl":{"start":{"line":40,"column":39},"end":{"line":40,"column":40}},"loc":{"start":{"line":40,"column":45},"end":{"line":42,"column":3}},"line":40},"2":{"name":"(anonymous_2)","decl":{"start":{"line":44,"column":38},"end":{"line":44,"column":39}},"loc":{"start":{"line":44,"column":44},"end":{"line":47,"column":3}},"line":44},"3":{"name":"(anonymous_3)","decl":{"start":{"line":49,"column":27},"end":{"line":49,"column":28}},"loc":{"start":{"line":49,"column":34},"end":{"line":53,"column":3}},"line":49},"4":{"name":"(anonymous_4)","decl":{"start":{"line":50,"column":4},"end":{"line":50,"column":5}},"loc":{"start":{"line":50,"column":12},"end":{"line":52,"column":5}},"line":50},"5":{"name":"(anonymous_5)","decl":{"start":{"line":55,"column":12},"end":{"line":55,"column":13}},"loc":{"start":{"line":55,"column":18},"end":{"line":69,"column":3}},"line":55},"6":{"name":"(anonymous_6)","decl":{"start":{"line":60,"column":6},"end":{"line":60,"column":7}},"loc":{"start":{"line":60,"column":38},"end":{"line":63,"column":7}},"line":60},"7":{"name":"(anonymous_7)","decl":{"start":{"line":64,"column":6},"end":{"line":64,"column":7}},"loc":{"start":{"line":64,"column":19},"end":{"line":67,"column":7}},"line":64},"8":{"name":"(anonymous_8)","decl":{"start":{"line":86,"column":22},"end":{"line":86,"column":23}},"loc":{"start":{"line":86,"column":31},"end":{"line":88,"column":9}},"line":86}},"branchMap":{"0":{"loc":{"start":{"line":29,"column":16},"end":{"line":29,"column":35}},"type":"default-arg","locations":[{"start":{"line":29,"column":33},"end":{"line":29,"column":35}}],"line":29},"1":{"loc":{"start":{"line":34,"column":25},"end":{"line":34,"column":42}},"type":"default-arg","locations":[{"start":{"line":34,"column":40},"end":{"line":34,"column":42}}],"line":34},"2":{"loc":{"start":{"line":76,"column":15},"end":{"line":76,"column":60}},"type":"cond-expr","locations":[{"start":{"line":76,"column":39},"end":{"line":76,"column":48}},{"start":{"line":76,"column":51},"end":{"line":76,"column":60}}],"line":76},"3":{"loc":{"start":{"line":76,"column":15},"end":{"line":76,"column":36}},"type":"binary-expr","locations":[{"start":{"line":76,"column":15},"end":{"line":76,"column":24}},{"start":{"line":76,"column":28},"end":{"line":76,"column":36}}],"line":76}},"s":{"0":1,"1":2,"2":2,"3":2,"4":2,"5":2,"6":2,"7":0,"8":2,"9":0,"10":0,"11":2,"12":1,"13":0,"14":2,"15":2,"16":0,"17":0,"18":0,"19":0,"20":2,"21":0},"f":{"0":2,"1":0,"2":0,"3":1,"4":0,"5":2,"6":0,"7":0,"8":0},"b":{"0":[2],"1":[2],"2":[0,2],"3":[2,2]},"_coverageSchema":"43e27e138ebf9cfc5966b082cf9a028302ed4184","hash":"38e3cd821c09ed1dffd6a4d8a72ae7557bffb631"}
,"/Users/msvalandro/www/msvalandro/com/gostack/gobarber/mobile/src/hooks/auth.tsx": {"path":"/Users/msvalandro/www/msvalandro/com/gostack/gobarber/mobile/src/hooks/auth.tsx","statementMap":{"0":{"start":{"line":37,"column":20},"end":{"line":37,"column":73}},"1":{"start":{"line":39,"column":31},"end":{"line":102,"column":1}},"2":{"start":{"line":40,"column":26},"end":{"line":40,"column":62}},"3":{"start":{"line":41,"column":32},"end":{"line":41,"column":46}},"4":{"start":{"line":43,"column":2},"end":{"line":60,"column":9}},"5":{"start":{"line":45,"column":28},"end":{"line":48,"column":8}},"6":{"start":{"line":50,"column":6},"end":{"line":54,"column":7}},"7":{"start":{"line":51,"column":8},"end":{"line":51,"column":66}},"8":{"start":{"line":53,"column":8},"end":{"line":53,"column":64}},"9":{"start":{"line":56,"column":6},"end":{"line":56,"column":24}},"10":{"start":{"line":59,"column":4},"end":{"line":59,"column":23}},"11":{"start":{"line":62,"column":17},"end":{"line":75,"column":8}},"12":{"start":{"line":63,"column":21},"end":{"line":63,"column":68}},"13":{"start":{"line":65,"column":28},"end":{"line":65,"column":41}},"14":{"start":{"line":67,"column":4},"end":{"line":70,"column":7}},"15":{"start":{"line":72,"column":4},"end":{"line":72,"column":59}},"16":{"start":{"line":74,"column":4},"end":{"line":74,"column":29}},"17":{"start":{"line":77,"column":18},"end":{"line":81,"column":8}},"18":{"start":{"line":78,"column":4},"end":{"line":78,"column":74}},"19":{"start":{"line":80,"column":4},"end":{"line":80,"column":29}},"20":{"start":{"line":83,"column":21},"end":{"line":93,"column":3}},"21":{"start":{"line":85,"column":6},"end":{"line":85,"column":73}},"22":{"start":{"line":87,"column":6},"end":{"line":90,"column":9}},"23":{"start":{"line":95,"column":2},"end":{"line":101,"column":4}},"24":{"start":{"line":105,"column":18},"end":{"line":105,"column":41}},"25":{"start":{"line":107,"column":2},"end":{"line":109,"column":3}},"26":{"start":{"line":108,"column":4},"end":{"line":108,"column":67}},"27":{"start":{"line":111,"column":2},"end":{"line":111,"column":17}}},"fnMap":{"0":{"name":"(anonymous_0)","decl":{"start":{"line":39,"column":31},"end":{"line":39,"column":32}},"loc":{"start":{"line":39,"column":49},"end":{"line":102,"column":1}},"line":39},"1":{"name":"(anonymous_1)","decl":{"start":{"line":43,"column":12},"end":{"line":43,"column":13}},"loc":{"start":{"line":43,"column":18},"end":{"line":60,"column":3}},"line":43},"2":{"name":"loadStoragedData","decl":{"start":{"line":44,"column":19},"end":{"line":44,"column":35}},"loc":{"start":{"line":44,"column":53},"end":{"line":57,"column":5}},"line":44},"3":{"name":"(anonymous_3)","decl":{"start":{"line":62,"column":29},"end":{"line":62,"column":30}},"loc":{"start":{"line":62,"column":60},"end":{"line":75,"column":3}},"line":62},"4":{"name":"(anonymous_4)","decl":{"start":{"line":77,"column":30},"end":{"line":77,"column":31}},"loc":{"start":{"line":77,"column":42},"end":{"line":81,"column":3}},"line":77},"5":{"name":"(anonymous_5)","decl":{"start":{"line":84,"column":4},"end":{"line":84,"column":5}},"loc":{"start":{"line":84,"column":26},"end":{"line":91,"column":5}},"line":84},"6":{"name":"useAuth","decl":{"start":{"line":104,"column":9},"end":{"line":104,"column":16}},"loc":{"start":{"line":104,"column":36},"end":{"line":112,"column":1}},"line":104}},"branchMap":{"0":{"loc":{"start":{"line":50,"column":6},"end":{"line":54,"column":7}},"type":"if","locations":[{"start":{"line":50,"column":6},"end":{"line":54,"column":7}},{"start":{"line":50,"column":6},"end":{"line":54,"column":7}}],"line":50},"1":{"loc":{"start":{"line":50,"column":10},"end":{"line":50,"column":29}},"type":"binary-expr","locations":[{"start":{"line":50,"column":10},"end":{"line":50,"column":18}},{"start":{"line":50,"column":22},"end":{"line":50,"column":29}}],"line":50},"2":{"loc":{"start":{"line":107,"column":2},"end":{"line":109,"column":3}},"type":"if","locations":[{"start":{"line":107,"column":2},"end":{"line":109,"column":3}},{"start":{"line":107,"column":2},"end":{"line":109,"column":3}}],"line":107}},"s":{"0":1,"1":1,"2":0,"3":0,"4":0,"5":0,"6":0,"7":0,"8":0,"9":0,"10":0,"11":0,"12":0,"13":0,"14":0,"15":0,"16":0,"17":0,"18":0,"19":0,"20":0,"21":0,"22":0,"23":0,"24":1,"25":1,"26":0,"27":1},"f":{"0":0,"1":0,"2":0,"3":0,"4":0,"5":0,"6":1},"b":{"0":[0,0],"1":[0,0],"2":[0,1]},"_coverageSchema":"43e27e138ebf9cfc5966b082cf9a028302ed4184","hash":"a7724589d530acd046fa13d23eda9a5e81f3398e"}
,"/Users/msvalandro/www/msvalandro/com/gostack/gobarber/mobile/src/pages/AppointmentCreated/index.tsx": {"path":"/Users/msvalandro/www/msvalandro/com/gostack/gobarber/mobile/src/pages/AppointmentCreated/index.tsx","statementMap":{"0":{"start":{"line":19,"column":37},"end":{"line":56,"column":1}},"1":{"start":{"line":20,"column":20},"end":{"line":20,"column":35}},"2":{"start":{"line":21,"column":21},"end":{"line":21,"column":31}},"3":{"start":{"line":23,"column":22},"end":{"line":23,"column":44}},"4":{"start":{"line":25,"column":26},"end":{"line":34,"column":13}},"5":{"start":{"line":26,"column":4},"end":{"line":33,"column":7}},"6":{"start":{"line":36,"column":24},"end":{"line":42,"column":24}},"7":{"start":{"line":37,"column":4},"end":{"line":41,"column":6}},"8":{"start":{"line":44,"column":2},"end":{"line":55,"column":4}}},"fnMap":{"0":{"name":"(anonymous_0)","decl":{"start":{"line":19,"column":37},"end":{"line":19,"column":38}},"loc":{"start":{"line":19,"column":43},"end":{"line":56,"column":1}},"line":19},"1":{"name":"(anonymous_1)","decl":{"start":{"line":25,"column":38},"end":{"line":25,"column":39}},"loc":{"start":{"line":25,"column":44},"end":{"line":34,"column":3}},"line":25},"2":{"name":"(anonymous_2)","decl":{"start":{"line":36,"column":32},"end":{"line":36,"column":33}},"loc":{"start":{"line":36,"column":38},"end":{"line":42,"column":3}},"line":36}},"branchMap":{},"s":{"0":0,"1":0,"2":0,"3":0,"4":0,"5":0,"6":0,"7":0,"8":0},"f":{"0":0,"1":0,"2":0},"b":{},"hash":"c84085553caeef1b97144b0470e11b246da61c4f"}
,"/Users/msvalandro/www/msvalandro/com/gostack/gobarber/mobile/src/pages/CreateAppointment/index.tsx": {"path":"/Users/msvalandro/www/msvalandro/com/gostack/gobarber/mobile/src/pages/CreateAppointment/index.tsx","statementMap":{"0":{"start":{"line":51,"column":36},"end":{"line":263,"column":1}},"1":{"start":{"line":52,"column":16},"end":{"line":52,"column":26}},"2":{"start":{"line":53,"column":22},"end":{"line":53,"column":49}},"3":{"start":{"line":55,"column":36},"end":{"line":55,"column":58}},"4":{"start":{"line":56,"column":50},"end":{"line":58,"column":3}},"5":{"start":{"line":59,"column":46},"end":{"line":59,"column":61}},"6":{"start":{"line":60,"column":42},"end":{"line":60,"column":62}},"7":{"start":{"line":61,"column":42},"end":{"line":61,"column":53}},"8":{"start":{"line":62,"column":42},"end":{"line":62,"column":74}},"9":{"start":{"line":64,"column":19},"end":{"line":64,"column":28}},"10":{"start":{"line":65,"column":31},"end":{"line":65,"column":46}},"11":{"start":{"line":67,"column":23},"end":{"line":69,"column":14}},"12":{"start":{"line":68,"column":4},"end":{"line":68,"column":13}},"13":{"start":{"line":71,"column":31},"end":{"line":73,"column":8}},"14":{"start":{"line":72,"column":4},"end":{"line":72,"column":36}},"15":{"start":{"line":75,"column":33},"end":{"line":77,"column":8}},"16":{"start":{"line":76,"column":4},"end":{"line":76,"column":39}},"17":{"start":{"line":76,"column":31},"end":{"line":76,"column":37}},"18":{"start":{"line":79,"column":27},"end":{"line":87,"column":8}},"19":{"start":{"line":80,"column":4},"end":{"line":82,"column":5}},"20":{"start":{"line":81,"column":6},"end":{"line":81,"column":31}},"21":{"start":{"line":84,"column":4},"end":{"line":86,"column":5}},"22":{"start":{"line":85,"column":6},"end":{"line":85,"column":28}},"23":{"start":{"line":89,"column":27},"end":{"line":91,"column":8}},"24":{"start":{"line":90,"column":4},"end":{"line":90,"column":26}},"25":{"start":{"line":93,"column":34},"end":{"line":112,"column":62}},"26":{"start":{"line":94,"column":4},"end":{"line":111,"column":5}},"27":{"start":{"line":95,"column":19},"end":{"line":95,"column":41}},"28":{"start":{"line":97,"column":6},"end":{"line":97,"column":34}},"29":{"start":{"line":98,"column":6},"end":{"line":98,"column":25}},"30":{"start":{"line":100,"column":6},"end":{"line":103,"column":9}},"31":{"start":{"line":105,"column":6},"end":{"line":105,"column":63}},"32":{"start":{"line":107,"column":6},"end":{"line":110,"column":8}},"33":{"start":{"line":114,"column":30},"end":{"line":124,"column":20}},"34":{"start":{"line":115,"column":4},"end":{"line":123,"column":9}},"35":{"start":{"line":116,"column":28},"end":{"line":116,"column":37}},"36":{"start":{"line":118,"column":8},"end":{"line":122,"column":10}},"37":{"start":{"line":126,"column":32},"end":{"line":136,"column":20}},"38":{"start":{"line":127,"column":4},"end":{"line":135,"column":9}},"39":{"start":{"line":128,"column":28},"end":{"line":128,"column":38}},"40":{"start":{"line":130,"column":8},"end":{"line":134,"column":10}},"41":{"start":{"line":138,"column":2},"end":{"line":142,"column":9}},"42":{"start":{"line":139,"column":4},"end":{"line":141,"column":7}},"43":{"start":{"line":140,"column":6},"end":{"line":140,"column":34}},"44":{"start":{"line":144,"column":2},"end":{"line":156,"column":39}},"45":{"start":{"line":145,"column":4},"end":{"line":155,"column":9}},"46":{"start":{"line":154,"column":8},"end":{"line":154,"column":39}},"47":{"start":{"line":158,"column":2},"end":{"line":262,"column":4}},"48":{"start":{"line":176,"column":38},"end":{"line":176,"column":49}},"49":{"start":{"line":178,"column":14},"end":{"line":186,"column":34}},"50":{"start":{"line":179,"column":31},"end":{"line":179,"column":64}},"51":{"start":{"line":219,"column":16},"end":{"line":229,"column":23}},"52":{"start":{"line":224,"column":33},"end":{"line":224,"column":55}},"53":{"start":{"line":240,"column":18},"end":{"line":250,"column":25}},"54":{"start":{"line":245,"column":35},"end":{"line":245,"column":57}}},"fnMap":{"0":{"name":"(anonymous_0)","decl":{"start":{"line":51,"column":36},"end":{"line":51,"column":37}},"loc":{"start":{"line":51,"column":42},"end":{"line":263,"column":1}},"line":51},"1":{"name":"(anonymous_1)","decl":{"start":{"line":67,"column":35},"end":{"line":67,"column":36}},"loc":{"start":{"line":67,"column":41},"end":{"line":69,"column":3}},"line":67},"2":{"name":"(anonymous_2)","decl":{"start":{"line":71,"column":43},"end":{"line":71,"column":44}},"loc":{"start":{"line":71,"column":67},"end":{"line":73,"column":3}},"line":71},"3":{"name":"(anonymous_3)","decl":{"start":{"line":75,"column":45},"end":{"line":75,"column":46}},"loc":{"start":{"line":75,"column":51},"end":{"line":77,"column":3}},"line":75},"4":{"name":"(anonymous_4)","decl":{"start":{"line":76,"column":22},"end":{"line":76,"column":23}},"loc":{"start":{"line":76,"column":31},"end":{"line":76,"column":37}},"line":76},"5":{"name":"(anonymous_5)","decl":{"start":{"line":79,"column":39},"end":{"line":79,"column":40}},"loc":{"start":{"line":79,"column":70},"end":{"line":87,"column":3}},"line":79},"6":{"name":"(anonymous_6)","decl":{"start":{"line":89,"column":39},"end":{"line":89,"column":40}},"loc":{"start":{"line":89,"column":57},"end":{"line":91,"column":3}},"line":89},"7":{"name":"(anonymous_7)","decl":{"start":{"line":93,"column":46},"end":{"line":93,"column":47}},"loc":{"start":{"line":93,"column":58},"end":{"line":112,"column":3}},"line":93},"8":{"name":"(anonymous_8)","decl":{"start":{"line":114,"column":38},"end":{"line":114,"column":39}},"loc":{"start":{"line":114,"column":44},"end":{"line":124,"column":3}},"line":114},"9":{"name":"(anonymous_9)","decl":{"start":{"line":116,"column":14},"end":{"line":116,"column":15}},"loc":{"start":{"line":116,"column":28},"end":{"line":116,"column":37}},"line":116},"10":{"name":"(anonymous_10)","decl":{"start":{"line":117,"column":11},"end":{"line":117,"column":12}},"loc":{"start":{"line":117,"column":36},"end":{"line":123,"column":7}},"line":117},"11":{"name":"(anonymous_11)","decl":{"start":{"line":126,"column":40},"end":{"line":126,"column":41}},"loc":{"start":{"line":126,"column":46},"end":{"line":136,"column":3}},"line":126},"12":{"name":"(anonymous_12)","decl":{"start":{"line":128,"column":14},"end":{"line":128,"column":15}},"loc":{"start":{"line":128,"column":28},"end":{"line":128,"column":38}},"line":128},"13":{"name":"(anonymous_13)","decl":{"start":{"line":129,"column":11},"end":{"line":129,"column":12}},"loc":{"start":{"line":129,"column":36},"end":{"line":135,"column":7}},"line":129},"14":{"name":"(anonymous_14)","decl":{"start":{"line":138,"column":12},"end":{"line":138,"column":13}},"loc":{"start":{"line":138,"column":18},"end":{"line":142,"column":3}},"line":138},"15":{"name":"(anonymous_15)","decl":{"start":{"line":139,"column":30},"end":{"line":139,"column":31}},"loc":{"start":{"line":139,"column":42},"end":{"line":141,"column":5}},"line":139},"16":{"name":"(anonymous_16)","decl":{"start":{"line":144,"column":12},"end":{"line":144,"column":13}},"loc":{"start":{"line":144,"column":18},"end":{"line":156,"column":3}},"line":144},"17":{"name":"(anonymous_17)","decl":{"start":{"line":153,"column":12},"end":{"line":153,"column":13}},"loc":{"start":{"line":153,"column":24},"end":{"line":155,"column":7}},"line":153},"18":{"name":"(anonymous_18)","decl":{"start":{"line":176,"column":26},"end":{"line":176,"column":27}},"loc":{"start":{"line":176,"column":38},"end":{"line":176,"column":49}},"line":176},"19":{"name":"(anonymous_19)","decl":{"start":{"line":177,"column":24},"end":{"line":177,"column":25}},"loc":{"start":{"line":178,"column":14},"end":{"line":186,"column":34}},"line":178},"20":{"name":"(anonymous_20)","decl":{"start":{"line":179,"column":25},"end":{"line":179,"column":26}},"loc":{"start":{"line":179,"column":31},"end":{"line":179,"column":64}},"line":179},"21":{"name":"(anonymous_21)","decl":{"start":{"line":218,"column":39},"end":{"line":218,"column":40}},"loc":{"start":{"line":219,"column":16},"end":{"line":229,"column":23}},"line":219},"22":{"name":"(anonymous_22)","decl":{"start":{"line":224,"column":27},"end":{"line":224,"column":28}},"loc":{"start":{"line":224,"column":33},"end":{"line":224,"column":55}},"line":224},"23":{"name":"(anonymous_23)","decl":{"start":{"line":239,"column":16},"end":{"line":239,"column":17}},"loc":{"start":{"line":240,"column":18},"end":{"line":250,"column":25}},"line":240},"24":{"name":"(anonymous_24)","decl":{"start":{"line":245,"column":29},"end":{"line":245,"column":30}},"loc":{"start":{"line":245,"column":35},"end":{"line":245,"column":57}},"line":245}},"branchMap":{"0":{"loc":{"start":{"line":80,"column":4},"end":{"line":82,"column":5}},"type":"if","locations":[{"start":{"line":80,"column":4},"end":{"line":82,"column":5}},{"start":{"line":80,"column":4},"end":{"line":82,"column":5}}],"line":80},"1":{"loc":{"start":{"line":84,"column":4},"end":{"line":86,"column":5}},"type":"if","locations":[{"start":{"line":84,"column":4},"end":{"line":86,"column":5}},{"start":{"line":84,"column":4},"end":{"line":86,"column":5}}],"line":84},"2":{"loc":{"start":{"line":200,"column":11},"end":{"line":208,"column":11}},"type":"binary-expr","locations":[{"start":{"line":200,"column":11},"end":{"line":200,"column":25}},{"start":{"line":201,"column":12},"end":{"line":207,"column":14}}],"line":200}},"s":{"0":0,"1":0,"2":0,"3":0,"4":0,"5":0,"6":0,"7":0,"8":0,"9":0,"10":0,"11":0,"12":0,"13":0,"14":0,"15":0,"16":0,"17":0,"18":0,"19":0,"20":0,"21":0,"22":0,"23":0,"24":0,"25":0,"26":0,"27":0,"28":0,"29":0,"30":0,"31":0,"32":0,"33":0,"34":0,"35":0,"36":0,"37":0,"38":0,"39":0,"40":0,"41":0,"42":0,"43":0,"44":0,"45":0,"46":0,"47":0,"48":0,"49":0,"50":0,"51":0,"52":0,"53":0,"54":0},"f":{"0":0,"1":0,"2":0,"3":0,"4":0,"5":0,"6":0,"7":0,"8":0,"9":0,"10":0,"11":0,"12":0,"13":0,"14":0,"15":0,"16":0,"17":0,"18":0,"19":0,"20":0,"21":0,"22":0,"23":0,"24":0},"b":{"0":[0,0],"1":[0,0],"2":[0,0]},"hash":"d7a1f6187358e461ba1c404dce4ab082c5a94907"}
,"/Users/msvalandro/www/msvalandro/com/gostack/gobarber/mobile/src/pages/Dashboard/index.tsx": {"path":"/Users/msvalandro/www/msvalandro/com/gostack/gobarber/mobile/src/pages/Dashboard/index.tsx","statementMap":{"0":{"start":{"line":30,"column":28},"end":{"line":94,"column":1}},"1":{"start":{"line":31,"column":36},"end":{"line":31,"column":58}},"2":{"start":{"line":33,"column":28},"end":{"line":33,"column":37}},"3":{"start":{"line":34,"column":23},"end":{"line":34,"column":38}},"4":{"start":{"line":36,"column":2},"end":{"line":40,"column":9}},"5":{"start":{"line":37,"column":4},"end":{"line":39,"column":7}},"6":{"start":{"line":38,"column":6},"end":{"line":38,"column":34}},"7":{"start":{"line":42,"column":28},"end":{"line":44,"column":16}},"8":{"start":{"line":43,"column":4},"end":{"line":43,"column":24}},"9":{"start":{"line":46,"column":38},"end":{"line":51,"column":3}},"10":{"start":{"line":48,"column":6},"end":{"line":48,"column":52}},"11":{"start":{"line":53,"column":2},"end":{"line":93,"column":4}},"12":{"start":{"line":68,"column":34},"end":{"line":68,"column":45}},"13":{"start":{"line":73,"column":10},"end":{"line":89,"column":30}},"14":{"start":{"line":74,"column":27},"end":{"line":74,"column":67}}},"fnMap":{"0":{"name":"(anonymous_0)","decl":{"start":{"line":30,"column":28},"end":{"line":30,"column":29}},"loc":{"start":{"line":30,"column":34},"end":{"line":94,"column":1}},"line":30},"1":{"name":"(anonymous_1)","decl":{"start":{"line":36,"column":12},"end":{"line":36,"column":13}},"loc":{"start":{"line":36,"column":18},"end":{"line":40,"column":3}},"line":36},"2":{"name":"(anonymous_2)","decl":{"start":{"line":37,"column":30},"end":{"line":37,"column":31}},"loc":{"start":{"line":37,"column":42},"end":{"line":39,"column":5}},"line":37},"3":{"name":"(anonymous_3)","decl":{"start":{"line":42,"column":40},"end":{"line":42,"column":41}},"loc":{"start":{"line":42,"column":46},"end":{"line":44,"column":3}},"line":42},"4":{"name":"(anonymous_4)","decl":{"start":{"line":47,"column":4},"end":{"line":47,"column":5}},"loc":{"start":{"line":47,"column":28},"end":{"line":49,"column":5}},"line":47},"5":{"name":"(anonymous_5)","decl":{"start":{"line":68,"column":22},"end":{"line":68,"column":23}},"loc":{"start":{"line":68,"column":34},"end":{"line":68,"column":45}},"line":68},"6":{"name":"(anonymous_6)","decl":{"start":{"line":72,"column":20},"end":{"line":72,"column":21}},"loc":{"start":{"line":73,"column":10},"end":{"line":89,"column":30}},"line":73},"7":{"name":"(anonymous_7)","decl":{"start":{"line":74,"column":21},"end":{"line":74,"column":22}},"loc":{"start":{"line":74,"column":27},"end":{"line":74,"column":67}},"line":74}},"branchMap":{},"s":{"0":0,"1":0,"2":0,"3":0,"4":0,"5":0,"6":0,"7":0,"8":0,"9":0,"10":0,"11":0,"12":0,"13":0,"14":0},"f":{"0":0,"1":0,"2":0,"3":0,"4":0,"5":0,"6":0,"7":0},"b":{},"hash":"2f159fc25b8442a0942a709eece0ce8449e5eb65"}
,"/Users/msvalandro/www/msvalandro/com/gostack/gobarber/mobile/src/pages/Profile/index.tsx": {"path":"/Users/msvalandro/www/msvalandro/com/gostack/gobarber/mobile/src/pages/Profile/index.tsx","statementMap":{"0":{"start":{"line":37,"column":26},"end":{"line":248,"column":1}},"1":{"start":{"line":38,"column":18},"end":{"line":38,"column":43}},"2":{"start":{"line":39,"column":24},"end":{"line":39,"column":47}},"3":{"start":{"line":40,"column":30},"end":{"line":40,"column":53}},"4":{"start":{"line":41,"column":27},"end":{"line":41,"column":50}},"5":{"start":{"line":42,"column":34},"end":{"line":42,"column":57}},"6":{"start":{"line":44,"column":21},"end":{"line":44,"column":36}},"7":{"start":{"line":46,"column":31},"end":{"line":46,"column":40}},"8":{"start":{"line":48,"column":30},"end":{"line":118,"column":3}},"9":{"start":{"line":50,"column":6},"end":{"line":115,"column":7}},"10":{"start":{"line":51,"column":8},"end":{"line":51,"column":39}},"11":{"start":{"line":53,"column":23},"end":{"line":73,"column":10}},"12":{"start":{"line":60,"column":23},"end":{"line":60,"column":35}},"13":{"start":{"line":68,"column":25},"end":{"line":68,"column":37}},"14":{"start":{"line":75,"column":8},"end":{"line":75,"column":59}},"15":{"start":{"line":83,"column":12},"end":{"line":83,"column":16}},"16":{"start":{"line":85,"column":25},"end":{"line":95,"column":9}},"17":{"start":{"line":97,"column":25},"end":{"line":97,"column":59}},"18":{"start":{"line":99,"column":8},"end":{"line":99,"column":34}},"19":{"start":{"line":101,"column":8},"end":{"line":101,"column":54}},"20":{"start":{"line":103,"column":8},"end":{"line":103,"column":28}},"21":{"start":{"line":105,"column":8},"end":{"line":109,"column":9}},"22":{"start":{"line":106,"column":25},"end":{"line":106,"column":49}},"23":{"start":{"line":107,"column":10},"end":{"line":107,"column":45}},"24":{"start":{"line":108,"column":10},"end":{"line":108,"column":17}},"25":{"start":{"line":111,"column":8},"end":{"line":114,"column":10}},"26":{"start":{"line":120,"column":23},"end":{"line":122,"column":18}},"27":{"start":{"line":121,"column":4},"end":{"line":121,"column":24}},"28":{"start":{"line":124,"column":29},"end":{"line":155,"column":27}},"29":{"start":{"line":125,"column":4},"end":{"line":154,"column":6}},"30":{"start":{"line":133,"column":8},"end":{"line":135,"column":9}},"31":{"start":{"line":134,"column":10},"end":{"line":134,"column":17}},"32":{"start":{"line":137,"column":8},"end":{"line":140,"column":9}},"33":{"start":{"line":138,"column":10},"end":{"line":138,"column":54}},"34":{"start":{"line":139,"column":10},"end":{"line":139,"column":17}},"35":{"start":{"line":142,"column":21},"end":{"line":142,"column":35}},"36":{"start":{"line":144,"column":8},"end":{"line":148,"column":11}},"37":{"start":{"line":150,"column":8},"end":{"line":152,"column":11}},"38":{"start":{"line":151,"column":10},"end":{"line":151,"column":39}},"39":{"start":{"line":157,"column":2},"end":{"line":247,"column":4}},"40":{"start":{"line":190,"column":39},"end":{"line":190,"column":69}},"41":{"start":{"line":201,"column":39},"end":{"line":201,"column":75}},"42":{"start":{"line":213,"column":39},"end":{"line":213,"column":72}},"43":{"start":{"line":224,"column":39},"end":{"line":224,"column":79}},"44":{"start":{"line":236,"column":39},"end":{"line":236,"column":68}},"45":{"start":{"line":239,"column":37},"end":{"line":239,"column":66}}},"fnMap":{"0":{"name":"(anonymous_0)","decl":{"start":{"line":37,"column":26},"end":{"line":37,"column":27}},"loc":{"start":{"line":37,"column":32},"end":{"line":248,"column":1}},"line":37},"1":{"name":"(anonymous_1)","decl":{"start":{"line":49,"column":4},"end":{"line":49,"column":5}},"loc":{"start":{"line":49,"column":37},"end":{"line":116,"column":5}},"line":49},"2":{"name":"(anonymous_2)","decl":{"start":{"line":60,"column":16},"end":{"line":60,"column":17}},"loc":{"start":{"line":60,"column":23},"end":{"line":60,"column":35}},"line":60},"3":{"name":"(anonymous_3)","decl":{"start":{"line":68,"column":18},"end":{"line":68,"column":19}},"loc":{"start":{"line":68,"column":25},"end":{"line":68,"column":37}},"line":68},"4":{"name":"(anonymous_4)","decl":{"start":{"line":120,"column":35},"end":{"line":120,"column":36}},"loc":{"start":{"line":120,"column":41},"end":{"line":122,"column":3}},"line":120},"5":{"name":"(anonymous_5)","decl":{"start":{"line":124,"column":41},"end":{"line":124,"column":42}},"loc":{"start":{"line":124,"column":47},"end":{"line":155,"column":3}},"line":124},"6":{"name":"(anonymous_6)","decl":{"start":{"line":132,"column":6},"end":{"line":132,"column":7}},"loc":{"start":{"line":132,"column":18},"end":{"line":153,"column":7}},"line":132},"7":{"name":"(anonymous_7)","decl":{"start":{"line":150,"column":45},"end":{"line":150,"column":46}},"loc":{"start":{"line":150,"column":60},"end":{"line":152,"column":9}},"line":150},"8":{"name":"(anonymous_8)","decl":{"start":{"line":190,"column":33},"end":{"line":190,"column":34}},"loc":{"start":{"line":190,"column":39},"end":{"line":190,"column":69}},"line":190},"9":{"name":"(anonymous_9)","decl":{"start":{"line":201,"column":33},"end":{"line":201,"column":34}},"loc":{"start":{"line":201,"column":39},"end":{"line":201,"column":75}},"line":201},"10":{"name":"(anonymous_10)","decl":{"start":{"line":213,"column":33},"end":{"line":213,"column":34}},"loc":{"start":{"line":213,"column":39},"end":{"line":213,"column":72}},"line":213},"11":{"name":"(anonymous_11)","decl":{"start":{"line":224,"column":33},"end":{"line":224,"column":34}},"loc":{"start":{"line":224,"column":39},"end":{"line":224,"column":79}},"line":224},"12":{"name":"(anonymous_12)","decl":{"start":{"line":236,"column":33},"end":{"line":236,"column":34}},"loc":{"start":{"line":236,"column":39},"end":{"line":236,"column":68}},"line":236},"13":{"name":"(anonymous_13)","decl":{"start":{"line":239,"column":31},"end":{"line":239,"column":32}},"loc":{"start":{"line":239,"column":37},"end":{"line":239,"column":66}},"line":239}},"branchMap":{"0":{"loc":{"start":{"line":88,"column":14},"end":{"line":94,"column":16}},"type":"cond-expr","locations":[{"start":{"line":89,"column":14},"end":{"line":93,"column":15}},{"start":{"line":94,"column":14},"end":{"line":94,"column":16}}],"line":88},"1":{"loc":{"start":{"line":105,"column":8},"end":{"line":109,"column":9}},"type":"if","locations":[{"start":{"line":105,"column":8},"end":{"line":109,"column":9}},{"start":{"line":105,"column":8},"end":{"line":109,"column":9}}],"line":105},"2":{"loc":{"start":{"line":133,"column":8},"end":{"line":135,"column":9}},"type":"if","locations":[{"start":{"line":133,"column":8},"end":{"line":135,"column":9}},{"start":{"line":133,"column":8},"end":{"line":135,"column":9}}],"line":133},"3":{"loc":{"start":{"line":137,"column":8},"end":{"line":140,"column":9}},"type":"if","locations":[{"start":{"line":137,"column":8},"end":{"line":140,"column":9}},{"start":{"line":137,"column":8},"end":{"line":140,"column":9}}],"line":137},"4":{"loc":{"start":{"line":161,"column":18},"end":{"line":161,"column":63}},"type":"cond-expr","locations":[{"start":{"line":161,"column":42},"end":{"line":161,"column":51}},{"start":{"line":161,"column":54},"end":{"line":161,"column":63}}],"line":161}},"s":{"0":0,"1":0,"2":0,"3":0,"4":0,"5":0,"6":0,"7":0,"8":0,"9":0,"10":0,"11":0,"12":0,"13":0,"14":0,"15":0,"16":0,"17":0,"18":0,"19":0,"20":0,"21":0,"22":0,"23":0,"24":0,"25":0,"26":0,"27":0,"28":0,"29":0,"30":0,"31":0,"32":0,"33":0,"34":0,"35":0,"36":0,"37":0,"38":0,"39":0,"40":0,"41":0,"42":0,"43":0,"44":0,"45":0},"f":{"0":0,"1":0,"2":0,"3":0,"4":0,"5":0,"6":0,"7":0,"8":0,"9":0,"10":0,"11":0,"12":0,"13":0},"b":{"0":[0,0],"1":[0,0],"2":[0,0],"3":[0,0],"4":[0,0]},"hash":"c2caf43f07bf11ba40a34a93bc3bcb04acd3518c"}
,"/Users/msvalandro/www/msvalandro/com/gostack/gobarber/mobile/src/pages/SignIn/index.tsx": {"path":"/Users/msvalandro/www/msvalandro/com/gostack/gobarber/mobile/src/pages/SignIn/index.tsx","statementMap":{"0":{"start":{"line":36,"column":25},"end":{"line":132,"column":1}},"1":{"start":{"line":37,"column":18},"end":{"line":37,"column":43}},"2":{"start":{"line":38,"column":27},"end":{"line":38,"column":50}},"3":{"start":{"line":40,"column":21},"end":{"line":40,"column":36}},"4":{"start":{"line":42,"column":21},"end":{"line":42,"column":30}},"5":{"start":{"line":44,"column":23},"end":{"line":73,"column":3}},"6":{"start":{"line":46,"column":6},"end":{"line":70,"column":7}},"7":{"start":{"line":47,"column":8},"end":{"line":47,"column":39}},"8":{"start":{"line":49,"column":23},"end":{"line":54,"column":10}},"9":{"start":{"line":56,"column":8},"end":{"line":56,"column":59}},"10":{"start":{"line":58,"column":8},"end":{"line":58,"column":69}},"11":{"start":{"line":60,"column":8},"end":{"line":64,"column":9}},"12":{"start":{"line":61,"column":25},"end":{"line":61,"column":49}},"13":{"start":{"line":62,"column":10},"end":{"line":62,"column":45}},"14":{"start":{"line":63,"column":10},"end":{"line":63,"column":17}},"15":{"start":{"line":66,"column":8},"end":{"line":69,"column":10}},"16":{"start":{"line":75,"column":2},"end":{"line":131,"column":4}},"17":{"start":{"line":102,"column":39},"end":{"line":102,"column":72}},"18":{"start":{"line":111,"column":39},"end":{"line":111,"column":68}},"19":{"start":{"line":114,"column":37},"end":{"line":114,"column":66}},"20":{"start":{"line":126,"column":42},"end":{"line":126,"column":71}}},"fnMap":{"0":{"name":"(anonymous_0)","decl":{"start":{"line":36,"column":25},"end":{"line":36,"column":26}},"loc":{"start":{"line":36,"column":31},"end":{"line":132,"column":1}},"line":36},"1":{"name":"(anonymous_1)","decl":{"start":{"line":45,"column":4},"end":{"line":45,"column":5}},"loc":{"start":{"line":45,"column":36},"end":{"line":71,"column":5}},"line":45},"2":{"name":"(anonymous_2)","decl":{"start":{"line":102,"column":33},"end":{"line":102,"column":34}},"loc":{"start":{"line":102,"column":39},"end":{"line":102,"column":72}},"line":102},"3":{"name":"(anonymous_3)","decl":{"start":{"line":111,"column":33},"end":{"line":111,"column":34}},"loc":{"start":{"line":111,"column":39},"end":{"line":111,"column":68}},"line":111},"4":{"name":"(anonymous_4)","decl":{"start":{"line":114,"column":31},"end":{"line":114,"column":32}},"loc":{"start":{"line":114,"column":37},"end":{"line":114,"column":66}},"line":114},"5":{"name":"(anonymous_5)","decl":{"start":{"line":119,"column":37},"end":{"line":119,"column":38}},"loc":{"start":{"line":119,"column":43},"end":{"line":119,"column":45}},"line":119},"6":{"name":"(anonymous_6)","decl":{"start":{"line":126,"column":36},"end":{"line":126,"column":37}},"loc":{"start":{"line":126,"column":42},"end":{"line":126,"column":71}},"line":126}},"branchMap":{"0":{"loc":{"start":{"line":60,"column":8},"end":{"line":64,"column":9}},"type":"if","locations":[{"start":{"line":60,"column":8},"end":{"line":64,"column":9}},{"start":{"line":60,"column":8},"end":{"line":64,"column":9}}],"line":60},"1":{"loc":{"start":{"line":79,"column":18},"end":{"line":79,"column":63}},"type":"cond-expr","locations":[{"start":{"line":79,"column":42},"end":{"line":79,"column":51}},{"start":{"line":79,"column":54},"end":{"line":79,"column":63}}],"line":79}},"s":{"0":1,"1":1,"2":1,"3":1,"4":1,"5":1,"6":0,"7":0,"8":0,"9":0,"10":0,"11":0,"12":0,"13":0,"14":0,"15":0,"16":1,"17":0,"18":0,"19":0,"20":0},"f":{"0":1,"1":0,"2":0,"3":0,"4":0,"5":0,"6":0},"b":{"0":[0,0],"1":[1,0]},"_coverageSchema":"43e27e138ebf9cfc5966b082cf9a028302ed4184","hash":"faca1173dfaa9d3803114923a51c4ad35347dc5b"}
,"/Users/msvalandro/www/msvalandro/com/gostack/gobarber/mobile/src/pages/SignUp/index.tsx": {"path":"/Users/msvalandro/www/msvalandro/com/gostack/gobarber/mobile/src/pages/SignUp/index.tsx","statementMap":{"0":{"start":{"line":30,"column":25},"end":{"line":139,"column":1}},"1":{"start":{"line":31,"column":24},"end":{"line":31,"column":47}},"2":{"start":{"line":32,"column":27},"end":{"line":32,"column":50}},"3":{"start":{"line":33,"column":18},"end":{"line":33,"column":43}},"4":{"start":{"line":34,"column":21},"end":{"line":34,"column":36}},"5":{"start":{"line":36,"column":23},"end":{"line":73,"column":3}},"6":{"start":{"line":38,"column":6},"end":{"line":70,"column":7}},"7":{"start":{"line":39,"column":8},"end":{"line":39,"column":39}},"8":{"start":{"line":41,"column":23},"end":{"line":47,"column":10}},"9":{"start":{"line":49,"column":8},"end":{"line":49,"column":59}},"10":{"start":{"line":51,"column":8},"end":{"line":51,"column":38}},"11":{"start":{"line":53,"column":8},"end":{"line":56,"column":10}},"12":{"start":{"line":58,"column":8},"end":{"line":58,"column":28}},"13":{"start":{"line":60,"column":8},"end":{"line":64,"column":9}},"14":{"start":{"line":61,"column":25},"end":{"line":61,"column":49}},"15":{"start":{"line":62,"column":10},"end":{"line":62,"column":45}},"16":{"start":{"line":63,"column":10},"end":{"line":63,"column":17}},"17":{"start":{"line":66,"column":8},"end":{"line":69,"column":10}},"18":{"start":{"line":75,"column":2},"end":{"line":138,"column":4}},"19":{"start":{"line":100,"column":39},"end":{"line":100,"column":69}},"20":{"start":{"line":111,"column":39},"end":{"line":111,"column":72}},"21":{"start":{"line":122,"column":39},"end":{"line":122,"column":68}},"22":{"start":{"line":125,"column":37},"end":{"line":125,"column":66}},"23":{"start":{"line":133,"column":35},"end":{"line":133,"column":54}}},"fnMap":{"0":{"name":"(anonymous_0)","decl":{"start":{"line":30,"column":25},"end":{"line":30,"column":26}},"loc":{"start":{"line":30,"column":31},"end":{"line":139,"column":1}},"line":30},"1":{"name":"(anonymous_1)","decl":{"start":{"line":37,"column":4},"end":{"line":37,"column":5}},"loc":{"start":{"line":37,"column":36},"end":{"line":71,"column":5}},"line":37},"2":{"name":"(anonymous_2)","decl":{"start":{"line":100,"column":33},"end":{"line":100,"column":34}},"loc":{"start":{"line":100,"column":39},"end":{"line":100,"column":69}},"line":100},"3":{"name":"(anonymous_3)","decl":{"start":{"line":111,"column":33},"end":{"line":111,"column":34}},"loc":{"start":{"line":111,"column":39},"end":{"line":111,"column":72}},"line":111},"4":{"name":"(anonymous_4)","decl":{"start":{"line":122,"column":33},"end":{"line":122,"column":34}},"loc":{"start":{"line":122,"column":39},"end":{"line":122,"column":68}},"line":122},"5":{"name":"(anonymous_5)","decl":{"start":{"line":125,"column":31},"end":{"line":125,"column":32}},"loc":{"start":{"line":125,"column":37},"end":{"line":125,"column":66}},"line":125},"6":{"name":"(anonymous_6)","decl":{"start":{"line":133,"column":29},"end":{"line":133,"column":30}},"loc":{"start":{"line":133,"column":35},"end":{"line":133,"column":54}},"line":133}},"branchMap":{"0":{"loc":{"start":{"line":60,"column":8},"end":{"line":64,"column":9}},"type":"if","locations":[{"start":{"line":60,"column":8},"end":{"line":64,"column":9}},{"start":{"line":60,"column":8},"end":{"line":64,"column":9}}],"line":60},"1":{"loc":{"start":{"line":79,"column":18},"end":{"line":79,"column":63}},"type":"cond-expr","locations":[{"start":{"line":79,"column":42},"end":{"line":79,"column":51}},{"start":{"line":79,"column":54},"end":{"line":79,"column":63}}],"line":79}},"s":{"0":0,"1":0,"2":0,"3":0,"4":0,"5":0,"6":0,"7":0,"8":0,"9":0,"10":0,"11":0,"12":0,"13":0,"14":0,"15":0,"16":0,"17":0,"18":0,"19":0,"20":0,"21":0,"22":0,"23":0},"f":{"0":0,"1":0,"2":0,"3":0,"4":0,"5":0,"6":0},"b":{"0":[0,0],"1":[0,0]},"hash":"9ac1404bedf02c99ae83c6cdddfc38fdfcd855c1"}
}
