TN:
SF:/Users/msvalandro/www/msvalandro/com/gostack/gobarber/mobile/src/components/Button/index.tsx
FN:10,(anonymous_0)
FNF:1
FNH:1
FNDA:1,(anonymous_0)
DA:10,1
DA:11,1
LF:2
LH:2
BRF:0
BRH:0
end_of_record
TN:
SF:/Users/msvalandro/www/msvalandro/com/gostack/gobarber/mobile/src/components/Input/index.tsx
FN:28,(anonymous_0)
FN:40,(anonymous_1)
FN:44,(anonymous_2)
FN:49,(anonymous_3)
FN:50,(anonymous_4)
FN:55,(anonymous_5)
FN:60,(anonymous_6)
FN:64,(anonymous_7)
FN:86,(anonymous_8)
FNF:9
FNH:3
FNDA:2,(anonymous_0)
FNDA:0,(anonymous_1)
FNDA:0,(anonymous_2)
FNDA:1,(anonymous_3)
FNDA:0,(anonymous_4)
FNDA:2,(anonymous_5)
FNDA:0,(anonymous_6)
FNDA:0,(anonymous_7)
FNDA:0,(anonymous_8)
DA:28,1
DA:32,2
DA:34,2
DA:35,2
DA:37,2
DA:38,2
DA:40,2
DA:41,0
DA:44,2
DA:45,0
DA:46,0
DA:49,2
DA:51,0
DA:55,2
DA:56,2
DA:61,0
DA:62,0
DA:65,0
DA:66,0
DA:71,2
DA:87,0
LF:21
LH:12
BRDA:29,0,0,2
BRDA:34,1,0,2
BRDA:76,2,0,0
BRDA:76,2,1,2
BRDA:76,3,0,2
BRDA:76,3,1,2
BRF:6
BRH:5
end_of_record
TN:
SF:/Users/msvalandro/www/msvalandro/com/gostack/gobarber/mobile/src/hooks/auth.tsx
FN:39,(anonymous_0)
FN:43,(anonymous_1)
FN:44,loadStoragedData
FN:62,(anonymous_3)
FN:77,(anonymous_4)
FN:84,(anonymous_5)
FN:104,useAuth
FNF:7
FNH:1
FNDA:0,(anonymous_0)
FNDA:0,(anonymous_1)
FNDA:0,loadStoragedData
FNDA:0,(anonymous_3)
FNDA:0,(anonymous_4)
FNDA:0,(anonymous_5)
FNDA:1,useAuth
DA:37,1
DA:39,1
DA:40,0
DA:41,0
DA:43,0
DA:45,0
DA:50,0
DA:51,0
DA:53,0
DA:56,0
DA:59,0
DA:62,0
DA:63,0
DA:65,0
DA:67,0
DA:72,0
DA:74,0
DA:77,0
DA:78,0
DA:80,0
DA:83,0
DA:85,0
DA:87,0
DA:95,0
DA:105,1
DA:107,1
DA:108,0
DA:111,1
LF:28
LH:5
BRDA:50,0,0,0
BRDA:50,0,1,0
BRDA:50,1,0,0
BRDA:50,1,1,0
BRDA:107,2,0,0
BRDA:107,2,1,1
BRF:6
BRH:1
end_of_record
TN:
SF:/Users/msvalandro/www/msvalandro/com/gostack/gobarber/mobile/src/pages/AppointmentCreated/index.tsx
FN:19,(anonymous_0)
FN:25,(anonymous_1)
FN:36,(anonymous_2)
FNF:3
FNH:0
FNDA:0,(anonymous_0)
FNDA:0,(anonymous_1)
FNDA:0,(anonymous_2)
DA:19,0
DA:20,0
DA:21,0
DA:23,0
DA:25,0
DA:26,0
DA:36,0
DA:37,0
DA:44,0
LF:9
LH:0
BRF:0
BRH:0
end_of_record
TN:
SF:/Users/msvalandro/www/msvalandro/com/gostack/gobarber/mobile/src/pages/CreateAppointment/index.tsx
FN:51,(anonymous_0)
FN:67,(anonymous_1)
FN:71,(anonymous_2)
FN:75,(anonymous_3)
FN:76,(anonymous_4)
FN:79,(anonymous_5)
FN:89,(anonymous_6)
FN:93,(anonymous_7)
FN:114,(anonymous_8)
FN:116,(anonymous_9)
FN:117,(anonymous_10)
FN:126,(anonymous_11)
FN:128,(anonymous_12)
FN:129,(anonymous_13)
FN:138,(anonymous_14)
FN:139,(anonymous_15)
FN:144,(anonymous_16)
FN:153,(anonymous_17)
FN:176,(anonymous_18)
FN:177,(anonymous_19)
FN:179,(anonymous_20)
FN:218,(anonymous_21)
FN:224,(anonymous_22)
FN:239,(anonymous_23)
FN:245,(anonymous_24)
FNF:25
FNH:0
FNDA:0,(anonymous_0)
FNDA:0,(anonymous_1)
FNDA:0,(anonymous_2)
FNDA:0,(anonymous_3)
FNDA:0,(anonymous_4)
FNDA:0,(anonymous_5)
FNDA:0,(anonymous_6)
FNDA:0,(anonymous_7)
FNDA:0,(anonymous_8)
FNDA:0,(anonymous_9)
FNDA:0,(anonymous_10)
FNDA:0,(anonymous_11)
FNDA:0,(anonymous_12)
FNDA:0,(anonymous_13)
FNDA:0,(anonymous_14)
FNDA:0,(anonymous_15)
FNDA:0,(anonymous_16)
FNDA:0,(anonymous_17)
FNDA:0,(anonymous_18)
FNDA:0,(anonymous_19)
FNDA:0,(anonymous_20)
FNDA:0,(anonymous_21)
FNDA:0,(anonymous_22)
FNDA:0,(anonymous_23)
FNDA:0,(anonymous_24)
DA:51,0
DA:52,0
DA:53,0
DA:55,0
DA:56,0
DA:59,0
DA:60,0
DA:61,0
DA:62,0
DA:64,0
DA:65,0
DA:67,0
DA:68,0
DA:71,0
DA:72,0
DA:75,0
DA:76,0
DA:79,0
DA:80,0
DA:81,0
DA:84,0
DA:85,0
DA:89,0
DA:90,0
DA:93,0
DA:94,0
DA:95,0
DA:97,0
DA:98,0
DA:100,0
DA:105,0
DA:107,0
DA:114,0
DA:115,0
DA:116,0
DA:118,0
DA:126,0
DA:127,0
DA:128,0
DA:130,0
DA:138,0
DA:139,0
DA:140,0
DA:144,0
DA:145,0
DA:154,0
DA:158,0
DA:176,0
DA:178,0
DA:179,0
DA:219,0
DA:224,0
DA:240,0
DA:245,0
LF:54
LH:0
BRDA:80,0,0,0
BRDA:80,0,1,0
BRDA:84,1,0,0
BRDA:84,1,1,0
BRDA:200,2,0,0
BRDA:200,2,1,0
BRF:6
BRH:0
end_of_record
TN:
SF:/Users/msvalandro/www/msvalandro/com/gostack/gobarber/mobile/src/pages/Dashboard/index.tsx
FN:30,(anonymous_0)
FN:36,(anonymous_1)
FN:37,(anonymous_2)
FN:42,(anonymous_3)
FN:47,(anonymous_4)
FN:68,(anonymous_5)
FN:72,(anonymous_6)
FN:74,(anonymous_7)
FNF:8
FNH:0
FNDA:0,(anonymous_0)
FNDA:0,(anonymous_1)
FNDA:0,(anonymous_2)
FNDA:0,(anonymous_3)
FNDA:0,(anonymous_4)
FNDA:0,(anonymous_5)
FNDA:0,(anonymous_6)
FNDA:0,(anonymous_7)
DA:30,0
DA:31,0
DA:33,0
DA:34,0
DA:36,0
DA:37,0
DA:38,0
DA:42,0
DA:43,0
DA:46,0
DA:48,0
DA:53,0
DA:68,0
DA:73,0
DA:74,0
LF:15
LH:0
BRF:0
BRH:0
end_of_record
TN:
SF:/Users/msvalandro/www/msvalandro/com/gostack/gobarber/mobile/src/pages/Profile/index.tsx
FN:37,(anonymous_0)
FN:49,(anonymous_1)
FN:60,(anonymous_2)
FN:68,(anonymous_3)
FN:120,(anonymous_4)
FN:124,(anonymous_5)
FN:132,(anonymous_6)
FN:150,(anonymous_7)
FN:190,(anonymous_8)
FN:201,(anonymous_9)
FN:213,(anonymous_10)
FN:224,(anonymous_11)
FN:236,(anonymous_12)
FN:239,(anonymous_13)
FNF:14
FNH:0
FNDA:0,(anonymous_0)
FNDA:0,(anonymous_1)
FNDA:0,(anonymous_2)
FNDA:0,(anonymous_3)
FNDA:0,(anonymous_4)
FNDA:0,(anonymous_5)
FNDA:0,(anonymous_6)
FNDA:0,(anonymous_7)
FNDA:0,(anonymous_8)
FNDA:0,(anonymous_9)
FNDA:0,(anonymous_10)
FNDA:0,(anonymous_11)
FNDA:0,(anonymous_12)
FNDA:0,(anonymous_13)
DA:37,0
DA:38,0
DA:39,0
DA:40,0
DA:41,0
DA:42,0
DA:44,0
DA:46,0
DA:48,0
DA:50,0
DA:51,0
DA:53,0
DA:60,0
DA:68,0
DA:75,0
DA:83,0
DA:85,0
DA:97,0
DA:99,0
DA:101,0
DA:103,0
DA:105,0
DA:106,0
DA:107,0
DA:108,0
DA:111,0
DA:120,0
DA:121,0
DA:124,0
DA:125,0
DA:133,0
DA:134,0
DA:137,0
DA:138,0
DA:139,0
DA:142,0
DA:144,0
DA:150,0
DA:151,0
DA:157,0
DA:190,0
DA:201,0
DA:213,0
DA:224,0
DA:236,0
DA:239,0
LF:46
LH:0
BRDA:88,0,0,0
BRDA:88,0,1,0
BRDA:105,1,0,0
BRDA:105,1,1,0
BRDA:133,2,0,0
BRDA:133,2,1,0
BRDA:137,3,0,0
BRDA:137,3,1,0
BRDA:161,4,0,0
BRDA:161,4,1,0
BRF:10
BRH:0
end_of_record
TN:
SF:/Users/msvalandro/www/msvalandro/com/gostack/gobarber/mobile/src/pages/SignIn/index.tsx
FN:36,(anonymous_0)
FN:45,(anonymous_1)
FN:102,(anonymous_2)
FN:111,(anonymous_3)
FN:114,(anonymous_4)
FN:119,(anonymous_5)
FN:126,(anonymous_6)
FNF:7
FNH:1
FNDA:1,(anonymous_0)
FNDA:0,(anonymous_1)
FNDA:0,(anonymous_2)
FNDA:0,(anonymous_3)
FNDA:0,(anonymous_4)
FNDA:0,(anonymous_5)
FNDA:0,(anonymous_6)
DA:36,1
DA:37,1
DA:38,1
DA:40,1
DA:42,1
DA:44,1
DA:46,0
DA:47,0
DA:49,0
DA:56,0
DA:58,0
DA:60,0
DA:61,0
DA:62,0
DA:63,0
DA:66,0
DA:75,1
DA:102,0
DA:111,0
DA:114,0
DA:126,0
LF:21
LH:7
BRDA:60,0,0,0
BRDA:60,0,1,0
BRDA:79,1,0,1
BRDA:79,1,1,0
BRF:4
BRH:1
end_of_record
TN:
SF:/Users/msvalandro/www/msvalandro/com/gostack/gobarber/mobile/src/pages/SignUp/index.tsx
FN:30,(anonymous_0)
FN:37,(anonymous_1)
FN:100,(anonymous_2)
FN:111,(anonymous_3)
FN:122,(anonymous_4)
FN:125,(anonymous_5)
FN:133,(anonymous_6)
FNF:7
FNH:0
FNDA:0,(anonymous_0)
FNDA:0,(anonymous_1)
FNDA:0,(anonymous_2)
FNDA:0,(anonymous_3)
FNDA:0,(anonymous_4)
FNDA:0,(anonymous_5)
FNDA:0,(anonymous_6)
DA:30,0
DA:31,0
DA:32,0
DA:33,0
DA:34,0
DA:36,0
DA:38,0
DA:39,0
DA:41,0
DA:49,0
DA:51,0
DA:53,0
DA:58,0
DA:60,0
DA:61,0
DA:62,0
DA:63,0
DA:66,0
DA:75,0
DA:100,0
DA:111,0
DA:122,0
DA:125,0
DA:133,0
LF:24
LH:0
BRDA:60,0,0,0
BRDA:60,0,1,0
BRDA:79,1,0,0
BRDA:79,1,1,0
BRF:4
BRH:0
end_of_record
